Log file open, 08/20/18 16:20:45
LogWindows: Failed to load 'aqProf.dll' (GetLastError=126)
LogWindows: File 'aqProf.dll' does not exist
LogWindows: Failed to load 'VSPerf140.dll' (GetLastError=126)
LogWindows: File 'VSPerf140.dll' does not exist
LogWindows: Failed to load 'VtuneApi.dll' (GetLastError=126)
LogWindows: File 'VtuneApi.dll' does not exist
LogWindows: Failed to load 'VtuneApi32e.dll' (GetLastError=126)
LogWindows: File 'VtuneApi32e.dll' does not exist
LogInit: Display: Running engine for game: ProjectRunner
LogPlatformFile: Not using cached read wrapper
LogTaskGraph: Started task graph with 5 named threads and 23 total threads with 3 sets of task threads.
LogStats: Stats thread started at 5.620830
LogD3D11RHI: Loaded GFSDK_Aftermath_Lib.x64.dll
LogICUInternationalization: Display: ICU TimeZone Detection - Raw Offset: +2:00, Platform Override: ''
LogPluginManager: Mounting plugin Paper2D
LogPluginManager: Mounting plugin AISupport
LogPluginManager: Mounting plugin LightPropagationVolume
LogPluginManager: Mounting plugin CLionSourceCodeAccess
LogPluginManager: Mounting plugin CodeLiteSourceCodeAccess
LogPluginManager: Mounting plugin GitSourceControl
LogPluginManager: Mounting plugin KDevelopSourceCodeAccess
LogPluginManager: Mounting plugin NullSourceCodeAccess
LogPluginManager: Mounting plugin PerforceSourceControl
LogPluginManager: Mounting plugin SubversionSourceControl
LogPluginManager: Mounting plugin UObjectPlugin
LogPluginManager: Mounting plugin VisualStudioCodeSourceCodeAccess
LogPluginManager: Mounting plugin VisualStudioSourceCodeAccess
LogPluginManager: Mounting plugin XCodeSourceCodeAccess
LogPluginManager: Mounting plugin AssetManagerEditor
LogPluginManager: Mounting plugin CryptoKeys
LogPluginManager: Mounting plugin DataValidation
LogPluginManager: Mounting plugin FacialAnimation
LogPluginManager: Mounting plugin GameplayTagsEditor
LogPluginManager: Mounting plugin MacGraphicsSwitching
LogPluginManager: Mounting plugin MeshEditor
LogPluginManager: Mounting plugin MobileLauncherProfileWizard
LogPluginManager: Mounting plugin PluginBrowser
LogPluginManager: Mounting plugin SpeedTreeImporter
LogPluginManager: Mounting plugin DatasmithContent
LogPluginManager: Mounting plugin AlembicImporter
LogPluginManager: Mounting plugin AppleImageUtils
LogPluginManager: Mounting plugin AppleVision
LogPluginManager: Mounting plugin BackChannel
LogPluginManager: Mounting plugin CharacterAI
LogPluginManager: Mounting plugin GeometryCache
LogPluginManager: Mounting plugin HTML5Networking
LogPluginManager: Mounting plugin ProxyLODPlugin
LogPluginManager: Mounting plugin MagicLeap
LogPluginManager: Mounting plugin MagicLeapEmulator
LogPluginManager: Mounting plugin MagicLeapMedia
LogPluginManager: Mounting plugin UniversalMobileAds
LogPluginManager: Mounting plugin AndroidMedia
LogPluginManager: Mounting plugin AvfMedia
LogPluginManager: Mounting plugin ImgMedia
LogPluginManager: Mounting plugin LinearTimecode
LogPluginManager: Mounting plugin MediaCompositing
LogPluginManager: Mounting plugin MediaPlayerEditor
LogPluginManager: Mounting plugin WmfMedia
LogPluginManager: Mounting plugin TcpMessaging
LogPluginManager: Mounting plugin UdpMessaging
LogPluginManager: Mounting plugin ActorSequence
LogPluginManager: Mounting plugin LevelSequenceEditor
LogPluginManager: Mounting plugin MatineeToLevelSequence
LogPluginManager: Mounting plugin NetcodeUnitTest
LogPluginManager: Mounting plugin NUTUnrealEngine4
LogPluginManager: Mounting plugin OnlineSubsystemGooglePlay
LogPluginManager: Mounting plugin OnlineSubsystemIOS
LogPluginManager: Mounting plugin OnlineSubsystem
LogPluginManager: Mounting plugin OnlineSubsystemNull
LogPluginManager: Mounting plugin OnlineSubsystemUtils
LogPluginManager: Mounting plugin LauncherChunkInstaller
LogPluginManager: Mounting plugin AndroidDeviceProfileSelector
LogPluginManager: Mounting plugin AndroidMoviePlayer
LogPluginManager: Mounting plugin AndroidPermission
LogPluginManager: Mounting plugin AppleMoviePlayer
LogPluginManager: Mounting plugin ArchVisCharacter
LogPluginManager: Mounting plugin AudioCapture
LogPluginManager: Mounting plugin CableComponent
LogPluginManager: Mounting plugin CustomMeshComponent
LogPluginManager: Mounting plugin EditableMesh
LogPluginManager: Mounting plugin ExampleDeviceProfileSelector
LogPluginManager: Mounting plugin GoogleCloudMessaging
LogPluginManager: Mounting plugin ImmediatePhysics
LogPluginManager: Mounting plugin IOSDeviceProfileSelector
LogPluginManager: Mounting plugin LinuxDeviceProfileSelector
LogPluginManager: Mounting plugin LocationServicesBPLibrary
LogPluginManager: Mounting plugin MobilePatchingUtils
LogPluginManager: Mounting plugin OculusVR
LogPluginManager: Plugin shader directory ../../../Engine/Plugins/Runtime/Oculus/OculusVR/Shaders found
LogPluginManager: Mapping shader source directory ../../../Engine/Plugins/Runtime/Oculus/OculusVR/Shaders to virtual directory /Plugin/OculusVR
LogPluginManager: Mounting plugin PhysXVehicles
LogPluginManager: Mounting plugin ProceduralMeshComponent
LogPluginManager: Mounting plugin RuntimePhysXCooking
LogPluginManager: Mounting plugin SteamVR
LogPluginManager: Mounting plugin WindowsMoviePlayer
LogStreaming: Display: Took  2.108s to configure plugins.
LogInit: Using libcurl 7.55.1-DEV
LogInit:  - built for x86_64-pc-win32
LogInit:  - supports SSL with OpenSSL/1.0.2h
LogInit:  - supports HTTP deflate (compression) using libz 1.2.8
LogInit:  - other features:
LogInit:      CURL_VERSION_SSL
LogInit:      CURL_VERSION_LIBZ
LogInit:      CURL_VERSION_IPV6
LogInit:      CURL_VERSION_ASYNCHDNS
LogInit:      CURL_VERSION_LARGEFILE
LogInit:      CURL_VERSION_IDN
LogInit:  CurlRequestOptions (configurable via config and command line):
LogInit:  - bVerifyPeer = false  - Libcurl will NOT verify peer certificate
LogInit:  - bUseHttpProxy = false  - Libcurl will NOT use HTTP proxy
LogInit:  - bDontReuseConnections = false  - Libcurl will reuse connections
LogInit:  - CertBundlePath = nullptr  - Libcurl will use whatever was configured at build time.
LogInit:  - MaxHostConnections = 16  - Libcurl will limit the number of connections to a host
LogInit:  - LocalHostAddr = Default
LogInit:  - BufferSize = 65536
LogInit: WinSock: version 1.1 (2.2), MaxSocks=32767, MaxUdp=65467
LogInit: Build: ++UE4+Release-4.20-CL-4233996
LogInit: Engine Version: 4.20.1-4233996+++UE4+Release-4.20
LogInit: Compatible Engine Version: 4.20.0-4212847+++UE4+Release-4.20
LogInit: Net CL: 4212847
LogInit: OS: Windows 7 (Service Pack 1), CPU:         Intel(R) Core(TM) i7-3820 CPU @ 3.60GHz, GPU: NVIDIA GeForce GTX 1070
LogInit: Compiled (64-bit): Jul 26 2018 10:07:30
LogInit: Compiled with Visual C++: 19.13.26129.00
LogInit: Build Configuration: Development
LogInit: Branch Name: ++UE4+Release-4.20
LogInit: Command Line:  
LogInit: Base Directory: L:/Program Files/Epic Games/UE_4.20/Engine/Binaries/Win64/
LogInit: Installed Engine Build: 1
LogDevObjectVersion: Number of dev versions registered: 20
LogDevObjectVersion:   Dev-Blueprints (B0D832E4-1F89-4F0D-ACCF-7EB736FD4AA2): 10
LogDevObjectVersion:   Dev-Build (E1C64328-A22C-4D53-A36C-8E866417BD8C): 0
LogDevObjectVersion:   Dev-Core (375EC13C-06E4-48FB-B500-84F0262A717E): 2
LogDevObjectVersion:   Dev-Editor (E4B068ED-F494-42E9-A231-DA0B2E46BB41): 24
LogDevObjectVersion:   Dev-Framework (CFFC743F-43B0-4480-9391-14DF171D2073): 34
LogDevObjectVersion:   Dev-Mobile (B02B49B5-BB20-44E9-A304-32B752E40360): 2
LogDevObjectVersion:   Dev-Networking (A4E4105C-59A1-49B5-A7C5-40C4547EDFEE): 0
LogDevObjectVersion:   Dev-Online (39C831C9-5AE6-47DC-9A44-9C173E1C8E7C): 0
LogDevObjectVersion:   Dev-Physics (78F01B33-EBEA-4F98-B9B4-84EACCB95AA2): 0
LogDevObjectVersion:   Dev-Platform (6631380F-2D4D-43E0-8009-CF276956A95A): 0
LogDevObjectVersion:   Dev-Rendering (12F88B9F-8875-4AFC-A67C-D90C383ABD29): 26
LogDevObjectVersion:   Dev-Sequencer (7B5AE74C-D270-4C10-A958-57980B212A5A): 9
LogDevObjectVersion:   Dev-VR (D7296918-1DD6-4BDD-9DE2-64A83CC13884): 2
LogDevObjectVersion:   Dev-LoadTimes (C2A15278-BFE7-4AFE-6C17-90FF531DF755): 1
LogDevObjectVersion:   Private-Geometry (6EACA3D4-40EC-4CC1-B786-8BED09428FC5): 3
LogDevObjectVersion:   Dev-AnimPhys (29E575DD-E0A3-4627-9D10-D276232CDCEA): 17
LogDevObjectVersion:   Dev-ReflectionCapture (6B266CEC-1EC7-4B8F-A30B-E4D90942FC07): 1
LogDevObjectVersion:   Dev-Automation (0DF73D61-A23F-47EA-B727-89E90C41499A): 1
LogDevObjectVersion:   FortniteMain (601D1886-AC64-4F84-AA16-D3DE0DEAC7D6): 12
LogDevObjectVersion:   Dev-Enterprise (9DFFBCD6-494F-0158-E221-12823C92A888): 1
LogStreaming: Display: Took  0.001s to delete old logs.
LogInit: Presizing for max 8388607 objects, including 0 objects not considered by GC, pre-allocating 0 bytes for permanent pool.
LogInit: Object subsystem initialized
[2018.08.20-14.20.53:163][  0]LogInit: Selected Device Profile: [Windows]
[2018.08.20-14.20.53:164][  0]LogInit: Applying CVar settings loaded from the selected device profile: [Windows]
[2018.08.20-14.20.53:220][  0]LogHAL: Display: Platform has ~ 16 GB [17128501248 / 17179869184 / 16], which maps to Larger [LargestMinGB=32, LargerMinGB=12, DefaultMinGB=8, SmallerMinGB=6, SmallestMinGB=0)
[2018.08.20-14.20.53:226][  0]LogInit: Setting Device Profile CVar: [[r.Vulkan.UseRealUBs:1]]
[2018.08.20-14.20.53:227][  0]LogInit: Going up to parent DeviceProfile []
[2018.08.20-14.20.53:348][  0]LogInit: Computer: STEVEN-PC
[2018.08.20-14.20.53:348][  0]LogInit: User: Steven
[2018.08.20-14.20.53:348][  0]LogInit: CPU Page size=4096, Cores=4
[2018.08.20-14.20.53:348][  0]LogInit: High frequency timer resolution =3.515625 MHz
[2018.08.20-14.20.53:348][  0]LogMemory: Memory total: Physical=16.0GB (16GB approx)
[2018.08.20-14.20.53:348][  0]LogMemory: Platform Memory Stats for Windows
[2018.08.20-14.20.53:348][  0]LogMemory: Process Physical Memory: 102.18 MB used, 102.18 MB peak
[2018.08.20-14.20.53:348][  0]LogMemory: Process Virtual Memory: 95.76 MB used, 95.76 MB peak
[2018.08.20-14.20.53:348][  0]LogMemory: Physical Memory: 15274.94 MB used,  1060.07 MB free, 16335.01 MB total
[2018.08.20-14.20.53:348][  0]LogMemory: Virtual Memory: 484.62 MB used,  1060.07 MB free, 8388608.00 MB total
[2018.08.20-14.20.54:079][  0]LogInit: Using OS detected language (en-US).
[2018.08.20-14.20.54:080][  0]LogInit: Using OS detected locale (en-US).
[2018.08.20-14.20.54:178][  0]LogTextLocalizationManager: No specific localization for 'en-US' exists, so the 'en' localization will be used.
[2018.08.20-14.20.55:111][  0]LogStreaming: Display: Took  1.000s to InitEngineTextLocalization.
[2018.08.20-14.20.55:131][  0]LogWindows: Failed to load 'shcore.dll' (GetLastError=126)
[2018.08.20-14.20.55:131][  0]LogWindows: File 'shcore.dll' does not exist
[2018.08.20-14.20.55:131][  0]LogInit: Setting process to DPI aware
[2018.08.20-14.20.56:029][  0]LogSlate: New Slate User Created.  User Index 0, Is Virtual User: 0
[2018.08.20-14.20.56:029][  0]LogSlate: Slate User Registered.  User Index 0, Is Virtual User: 0
[2018.08.20-14.20.57:460][  0]LogHMD: Failed to initialize OpenVR with code 105
[2018.08.20-14.20.57:460][  0]LogD3D11RHI: D3D11 adapters:
[2018.08.20-14.20.57:574][  0]LogD3D11RHI:    0. 'NVIDIA GeForce GTX 1070' (Feature Level 11_0)
[2018.08.20-14.20.57:574][  0]LogD3D11RHI:       8077/0/7911 MB DedicatedVideo/DedicatedSystem/SharedSystem, Outputs:2, VendorId:0x10de
[2018.08.20-14.20.57:574][  0]LogD3D11RHI: Chosen D3D11 Adapter: 0
[2018.08.20-14.20.57:592][  0]LogD3D11RHI: Creating new Direct3DDevice
[2018.08.20-14.20.57:592][  0]LogD3D11RHI:     GPU DeviceId: 0x1b81 (for the marketing name, search the web for "GPU Device Id")
[2018.08.20-14.20.57:592][  0]LogWindows: EnumDisplayDevices:
[2018.08.20-14.20.57:593][  0]LogWindows:    0. 'NVIDIA GeForce GTX 1070' (P:1 D:1)
[2018.08.20-14.20.57:594][  0]LogWindows:    1. 'NVIDIA GeForce GTX 1070' (P:0 D:1)
[2018.08.20-14.20.57:594][  0]LogWindows:    2. 'NVIDIA GeForce GTX 1070' (P:0 D:0)
[2018.08.20-14.20.57:594][  0]LogWindows:    3. 'NVIDIA GeForce GTX 1070' (P:0 D:0)
[2018.08.20-14.20.57:594][  0]LogWindows:    4. 'RDPDD Chained DD' (P:0 D:0)
[2018.08.20-14.20.57:594][  0]LogWindows:    5. 'RDP Encoder Mirror Driver' (P:0 D:0)
[2018.08.20-14.20.57:594][  0]LogWindows:    6. 'RDP Reflector Display Driver' (P:0 D:0)
[2018.08.20-14.20.57:594][  0]LogWindows: DebugString: GetVideoDriverDetailsInvalid PrimaryIsNotTheChoosenAdapter GetVideoDriverDetailsInvalid PrimaryIsNotTheChoosenAdapter GetVideoDriverDetailsInvalid PrimaryIsNotTheChoosenAdapter FoundDriverCount:4 
[2018.08.20-14.20.57:594][  0]LogD3D11RHI:     Adapter Name: NVIDIA GeForce GTX 1070
[2018.08.20-14.20.57:595][  0]LogD3D11RHI:   Driver Version: 390.77 (internal:23.21.13.9077, unified:390.77)
[2018.08.20-14.20.57:595][  0]LogD3D11RHI:      Driver Date: 1-23-2018
[2018.08.20-14.20.57:595][  0]LogRHI: Texture pool is 5654 MB (70% of 8077 MB)
[2018.08.20-14.20.57:627][  0]LogD3D11RHI: [Aftermath] Enabled and primed
[2018.08.20-14.20.57:628][  0]LogD3D11RHI: Async texture creation enabled
[2018.08.20-14.20.57:902][  0]LogD3D11RHI: GPU Timing Frequency: 1000.000000 (Debug: 2 2)
[2018.08.20-14.20.57:999][  0]LogShaderCompilers: Guid format shader working directory is -1 characters bigger than the processId version (../../../../../../coded projects/RunnerProject/Intermediate/Shaders/WorkingDirectory/150912/).
[2018.08.20-14.20.58:000][  0]LogShaderCompilers: Cleaned the shader compiler working directory 'C:/Users/Steven/AppData/Local/Temp/UnrealShaderWorkingDir/CD632E6F41C2A5512430E4BE32E9A324/'.
[2018.08.20-14.21.00:235][  0]LogTemp: Display: Loaded TP AllDesktopTargetPlatform
[2018.08.20-14.21.00:256][  0]LogTemp: Display: Loaded TP MacClientTargetPlatform
[2018.08.20-14.21.00:281][  0]LogTemp: Display: Loaded TP MacNoEditorTargetPlatform
[2018.08.20-14.21.00:298][  0]LogTemp: Display: Loaded TP MacServerTargetPlatform
[2018.08.20-14.21.00:356][  0]LogTemp: Display: Loaded TP MacTargetPlatform
[2018.08.20-14.21.00:411][  0]LogTemp: Display: Loaded TP WindowsClientTargetPlatform
[2018.08.20-14.21.00:440][  0]LogTemp: Display: Loaded TP WindowsNoEditorTargetPlatform
[2018.08.20-14.21.00:464][  0]LogTemp: Display: Loaded TP WindowsServerTargetPlatform
[2018.08.20-14.21.00:480][  0]LogTemp: Display: Loaded TP WindowsTargetPlatform
[2018.08.20-14.21.00:650][  0]LogTemp: Display: Loaded TP AndroidTargetPlatform
[2018.08.20-14.21.00:650][  0]LogTemp: Display: Loaded TP AndroidTargetPlatform
[2018.08.20-14.21.00:650][  0]LogTemp: Display: Loaded TP AndroidTargetPlatform
[2018.08.20-14.21.00:650][  0]LogTemp: Display: Loaded TP AndroidTargetPlatform
[2018.08.20-14.21.00:650][  0]LogTemp: Display: Loaded TP AndroidTargetPlatform
[2018.08.20-14.21.00:650][  0]LogTemp: Display: Loaded TP AndroidTargetPlatform
[2018.08.20-14.21.00:650][  0]LogTemp: Display: Loaded TP AndroidTargetPlatform
[2018.08.20-14.21.00:651][  0]LogTemp: Display: Loaded TP AndroidTargetPlatform
[2018.08.20-14.21.00:651][  0]LogTemp: Display: Loaded TP AndroidTargetPlatform
[2018.08.20-14.21.00:651][  0]LogTemp: Display: Loaded TP AndroidTargetPlatform
[2018.08.20-14.21.00:651][  0]LogTemp: Display: Loaded TP AndroidTargetPlatform
[2018.08.20-14.21.00:651][  0]LogTemp: Display: Loaded TP AndroidTargetPlatform
[2018.08.20-14.21.00:651][  0]LogTemp: Display: Loaded TP AndroidTargetPlatform
[2018.08.20-14.21.00:651][  0]LogTemp: Display: Loaded TP AndroidTargetPlatform
[2018.08.20-14.21.00:651][  0]LogTemp: Display: Loaded TP AndroidTargetPlatform
[2018.08.20-14.21.00:651][  0]LogTemp: Display: Loaded TP AndroidTargetPlatform
[2018.08.20-14.21.00:651][  0]LogTemp: Display: Loaded TP AndroidTargetPlatform
[2018.08.20-14.21.00:651][  0]LogTemp: Display: Loaded TP AndroidTargetPlatform
[2018.08.20-14.21.00:665][  0]LogTemp: Display: Loaded TP HTML5TargetPlatform
[2018.08.20-14.21.00:811][  0]LogTemp: Display: Loaded TP IOSTargetPlatform
[2018.08.20-14.21.00:811][  0]LogTemp: Display: Loaded TP IOSTargetPlatform
[2018.08.20-14.21.00:861][  0]LogTemp: Display: Loaded TP TVOSTargetPlatform
[2018.08.20-14.21.00:861][  0]LogTemp: Display: Loaded TP TVOSTargetPlatform
[2018.08.20-14.21.00:889][  0]LogTemp: Display: Loaded TP LinuxClientTargetPlatform
[2018.08.20-14.21.00:905][  0]LogTemp: Display: Loaded TP LinuxNoEditorTargetPlatform
[2018.08.20-14.21.00:922][  0]LogTemp: Display: Loaded TP LinuxServerTargetPlatform
[2018.08.20-14.21.00:981][  0]LogTemp: Display: Loaded TP LinuxTargetPlatform
[2018.08.20-14.21.01:008][  0]LogTemp: Display: Loaded TP LuminTargetPlatform
[2018.08.20-14.21.01:008][  0]LogTargetPlatformManager: Display: Building Assets For Windows
[2018.08.20-14.21.01:658][  0]LogShaderCompilers: Display: Using XGE Shader Compiler (Interception Interface).
[2018.08.20-14.21.04:593][  0]LogDerivedDataCache: Display: Max Cache Size: 512 MB
[2018.08.20-14.21.04:593][  0]LogDerivedDataCache: Display: Starting with empty Boot cache
[2018.08.20-14.21.04:593][  0]LogDerivedDataCache: FDerivedDataBackendGraph:  Pak pak cache file ../../../../../../coded projects/RunnerProject/DerivedDataCache/DDC.ddp not found, will not use a pak cache.
[2018.08.20-14.21.04:593][  0]LogDerivedDataCache: Unable to find inner node Pak for hierarchical cache Hierarchy.
[2018.08.20-14.21.04:593][  0]LogDerivedDataCache: FDerivedDataBackendGraph:  CompressedPak pak cache file ../../../../../../coded projects/RunnerProject/DerivedDataCache/Compressed.ddp not found, will not use a pak cache.
[2018.08.20-14.21.04:594][  0]LogDerivedDataCache: Unable to find inner node CompressedPak for hierarchical cache Hierarchy.
[2018.08.20-14.21.04:676][  0]LogDerivedDataCache: Display: Pak cache opened for reading ../../../Engine/DerivedDataCache/Compressed.ddp.
[2018.08.20-14.21.04:690][  0]LogDerivedDataCache: Using Local data cache path C:/Users/Steven/AppData/Local/UnrealEngine/Common/DerivedDataCache: Writable
[2018.08.20-14.21.04:690][  0]LogDerivedDataCache: Shared data cache path not found in *engine.ini, will not use an Shared cache.
[2018.08.20-14.21.04:690][  0]LogDerivedDataCache: Unable to find inner node Shared for hierarchical cache Hierarchy.
[2018.08.20-14.21.04:828][  0]LogMaterial: Verifying Global Shaders for PCD3D_SM5
[2018.08.20-14.21.04:920][  0]LogSlate: Using FreeType 2.6.0
[2018.08.20-14.21.05:052][  0]LogSlate: SlateFontServices - WITH_FREETYPE: 1, WITH_HARFBUZZ: 1
[2018.08.20-14.21.06:233][  0]LogAssetRegistry: FAssetRegistry took 0.0309 seconds to start up
[2018.08.20-14.21.11:607][  0]LogInit: Selected Device Profile: [Windows]
[2018.08.20-14.21.18:194][  0]LogSimplygon: Simplygon DLL not present - disabling.
[2018.08.20-14.21.18:753][  0]LogMeshReduction: Using SimplygonSwarm for distributed automatic mesh merging
[2018.08.20-14.21.18:754][  0]LogMeshReduction: Using ProxyLODMeshReduction for automatic mesh merging
[2018.08.20-14.21.18:757][  0]LogMeshReduction: Using QuadricMeshReduction for automatic static mesh reduction
[2018.08.20-14.21.18:757][  0]LogMeshReduction: No automatic skeletal mesh reduction module available
[2018.08.20-14.21.21:911][  0]LogNetVersion: ProjectRunner 1.0.0, NetCL: 4212847, EngineNetVer: 5, GameNetVer: 0 (Checksum: 2844787579)
[2018.08.20-14.21.25:037][  0]LogObj: Error: LoadConfig (/Script/Engine.Default__RendererSettings): import failed for bEnableAlphaChannelInPostProcessing in: False
[2018.08.20-14.21.48:273][  0]LogPackageLocalizationCache: Processed 11 localized package path(s) for 2 prioritized culture(s) in 0.408053 seconds
[2018.08.20-14.21.48:449][  0]LogUObjectArray: 38447 objects as part of root set at end of initial load.
[2018.08.20-14.21.48:449][  0]LogUObjectAllocator: 6692624 out of 0 bytes used by permanent object pool.
[2018.08.20-14.21.48:449][  0]LogUObjectArray: CloseDisregardForGC: 0/0 objects in disregard for GC pool
[2018.08.20-14.22.39:618][  0]LogTcpMessaging: Initializing TcpMessaging bridge
[2018.08.20-14.22.39:645][  0]LogUdpMessaging: Initializing bridge on interface 0.0.0.0:0 to multicast group 230.0.0.1:6666.
[2018.08.20-14.22.42:476][  0]SourceControl: Source control is disabled
[2018.08.20-14.22.42:486][  0]LogWindows: Warning: CreateProc failed: The system cannot find the file specified. (0x00000002)
[2018.08.20-14.22.42:486][  0]LogWindows: Warning: URL: C:/Program Files/Git/bin/git.exe version
[2018.08.20-14.22.42:487][  0]LogWindows: Warning: CreateProc failed: The system cannot find the file specified. (0x00000002)
[2018.08.20-14.22.42:487][  0]LogWindows: Warning: URL: C:/Program Files (x86)/Git/bin/git.exe version
[2018.08.20-14.22.42:487][  0]LogWindows: Warning: CreateProc failed: The system cannot find the file specified. (0x00000002)
[2018.08.20-14.22.42:487][  0]LogWindows: Warning: URL: C:\Users\Steven\AppData\Local/Programs/Git/cmd/git.exe version
[2018.08.20-14.22.42:487][  0]LogWindows: Warning: CreateProc failed: The system cannot find the file specified. (0x00000002)
[2018.08.20-14.22.42:487][  0]LogWindows: Warning: URL: C:/Program Files (x86)/SmartGit/git/bin/git.exe version
[2018.08.20-14.22.42:487][  0]LogWindows: Warning: CreateProc failed: The system cannot find the file specified. (0x00000002)
[2018.08.20-14.22.42:487][  0]LogWindows: Warning: URL: C:/Program Files (x86)/SmartGit/bin/git.exe version
[2018.08.20-14.22.42:487][  0]LogWindows: Warning: CreateProc failed: The system cannot find the file specified. (0x00000002)
[2018.08.20-14.22.42:487][  0]LogWindows: Warning: URL: C:\Users\Steven\AppData\Local/Atlassian/SourceTree/git_local/bin/git.exe version
[2018.08.20-14.22.42:488][  0]LogWindows: Warning: CreateProc failed: The system cannot find the file specified. (0x00000002)
[2018.08.20-14.22.42:488][  0]LogWindows: Warning: URL: C:/Program Files (x86)/fournova/Tower/vendor/Git/bin/git.exe version
[2018.08.20-14.22.42:646][  0]LogWindows: Warning: CreateProc failed: The system cannot find the file specified. (0x00000002)
[2018.08.20-14.22.42:646][  0]LogWindows: Warning: URL: C:/Program Files/Git/bin/git.exe version
[2018.08.20-14.22.42:646][  0]LogWindows: Warning: CreateProc failed: The system cannot find the file specified. (0x00000002)
[2018.08.20-14.22.42:646][  0]LogWindows: Warning: URL: C:/Program Files (x86)/Git/bin/git.exe version
[2018.08.20-14.22.42:647][  0]LogWindows: Warning: CreateProc failed: The system cannot find the file specified. (0x00000002)
[2018.08.20-14.22.42:647][  0]LogWindows: Warning: URL: C:\Users\Steven\AppData\Local/Programs/Git/cmd/git.exe version
[2018.08.20-14.22.42:647][  0]LogWindows: Warning: CreateProc failed: The system cannot find the file specified. (0x00000002)
[2018.08.20-14.22.42:647][  0]LogWindows: Warning: URL: C:/Program Files (x86)/SmartGit/git/bin/git.exe version
[2018.08.20-14.22.42:647][  0]LogWindows: Warning: CreateProc failed: The system cannot find the file specified. (0x00000002)
[2018.08.20-14.22.42:647][  0]LogWindows: Warning: URL: C:/Program Files (x86)/SmartGit/bin/git.exe version
[2018.08.20-14.22.42:647][  0]LogWindows: Warning: CreateProc failed: The system cannot find the file specified. (0x00000002)
[2018.08.20-14.22.42:647][  0]LogWindows: Warning: URL: C:\Users\Steven\AppData\Local/Atlassian/SourceTree/git_local/bin/git.exe version
[2018.08.20-14.22.42:647][  0]LogWindows: Warning: CreateProc failed: The system cannot find the file specified. (0x00000002)
[2018.08.20-14.22.42:647][  0]LogWindows: Warning: URL: C:/Program Files (x86)/fournova/Tower/vendor/Git/bin/git.exe version
[2018.08.20-14.22.42:854][  0]LogWindows: Warning: CreateProc failed: The system cannot find the file specified. (0x00000002)
[2018.08.20-14.22.42:854][  0]LogWindows: Warning: URL: C:/Program Files/Git/bin/git.exe version
[2018.08.20-14.22.42:854][  0]LogWindows: Warning: CreateProc failed: The system cannot find the file specified. (0x00000002)
[2018.08.20-14.22.42:854][  0]LogWindows: Warning: URL: C:/Program Files (x86)/Git/bin/git.exe version
[2018.08.20-14.22.42:855][  0]LogWindows: Warning: CreateProc failed: The system cannot find the file specified. (0x00000002)
[2018.08.20-14.22.42:855][  0]LogWindows: Warning: URL: C:\Users\Steven\AppData\Local/Programs/Git/cmd/git.exe version
[2018.08.20-14.22.42:855][  0]LogWindows: Warning: CreateProc failed: The system cannot find the file specified. (0x00000002)
[2018.08.20-14.22.42:855][  0]LogWindows: Warning: URL: C:/Program Files (x86)/SmartGit/git/bin/git.exe version
[2018.08.20-14.22.42:855][  0]LogWindows: Warning: CreateProc failed: The system cannot find the file specified. (0x00000002)
[2018.08.20-14.22.42:855][  0]LogWindows: Warning: URL: C:/Program Files (x86)/SmartGit/bin/git.exe version
[2018.08.20-14.22.42:855][  0]LogWindows: Warning: CreateProc failed: The system cannot find the file specified. (0x00000002)
[2018.08.20-14.22.42:855][  0]LogWindows: Warning: URL: C:\Users\Steven\AppData\Local/Atlassian/SourceTree/git_local/bin/git.exe version
[2018.08.20-14.22.42:855][  0]LogWindows: Warning: CreateProc failed: The system cannot find the file specified. (0x00000002)
[2018.08.20-14.22.42:855][  0]LogWindows: Warning: URL: C:/Program Files (x86)/fournova/Tower/vendor/Git/bin/git.exe version
[2018.08.20-14.22.45:927][  0]LogAndroidPermission: UAndroidPermissionCallbackProxy::GetInstance
[2018.08.20-14.22.48:736][  0]LogOcInput: OculusInput pre-init called
[2018.08.20-14.22.50:064][  0]LogEngine: Initializing Engine...
[2018.08.20-14.22.50:219][  0]LogHMD: Failed to initialize OpenVR with code 105
[2018.08.20-14.22.50:344][  0]LogStats: UGameplayTagsManager::ConstructGameplayTagTree: ImportINI prefixes -  0.004 s
[2018.08.20-14.22.50:345][  0]LogStats: UGameplayTagsManager::ConstructGameplayTagTree: Construct from data asset -  0.000 s
[2018.08.20-14.22.50:365][  0]LogStats: UGameplayTagsManager::ConstructGameplayTagTree: ImportINI -  0.020 s
[2018.08.20-14.22.50:365][  0]LogStats: UGameplayTagsManager::ConstructGameplayTagTree: GameplayTagTreeChangedEvent.Broadcast -  0.000 s
[2018.08.20-14.22.52:105][  0]LogInit: Initializing FReadOnlyCVARCache
[2018.08.20-14.22.53:046][  0]LogAIModule: Creating AISystem for world Untitled
[2018.08.20-14.22.53:494][  0]LogInit: XAudio2 using 'Speakers (Sennheiser Main Audio)' : 6 channels at 48 kHz using 16 bits per sample (channel mask 0x3f)
[2018.08.20-14.22.53:577][  0]LogInit: FAudioDevice initialized.
[2018.08.20-14.22.53:636][  0]LogNetVersion: Set ProjectVersion to 1.0.0.0. Version Checksum will be recalculated on next use.
[2018.08.20-14.22.53:866][  0]LogDerivedDataCache: Saved boot cache 0.23s 87MB C:/Users/Steven/AppData/Local/UnrealEngine/4.20/DerivedDataCache/Boot.ddc.
[2018.08.20-14.22.53:891][  0]LogInit: Texture streaming: Enabled
[2018.08.20-14.22.54:533][  0]LogEngineSessionManager: EngineSessionManager initialized
[2018.08.20-14.22.56:113][  0]LogInit: Transaction tracking system initialized
[2018.08.20-14.22.57:531][  0]BlueprintLog: New page: Editor Load
[2018.08.20-14.23.00:134][  0]LocalizationService: Localization service is disabled
[2018.08.20-14.23.08:088][  0]LogCook: Display: Max memory allowance for cook 16384mb min free memory 0mb
[2018.08.20-14.23.08:088][  0]LogCook: Display: Mobile HDR setting 0
[2018.08.20-14.23.08:168][  0]LogGameplayTags: Display: UGameplayTagsManager::DoneAddingNativeTags. DelegateIsBound: 0
[2018.08.20-14.23.08:172][  0]LogStats: UGameplayTagsManager::ConstructGameplayTagTree: ImportINI prefixes -  0.000 s
[2018.08.20-14.23.08:172][  0]LogStats: UGameplayTagsManager::ConstructGameplayTagTree: Construct from data asset -  0.000 s
[2018.08.20-14.23.08:172][  0]LogStats: UGameplayTagsManager::ConstructGameplayTagTree: ImportINI -  0.000 s
[2018.08.20-14.23.08:172][  0]LogStats: UGameplayTagsManager::ConstructGameplayTagTree: GameplayTagTreeChangedEvent.Broadcast -  0.000 s
[2018.08.20-14.23.11:986][  0]LogFileCache: Scanning file cache for directory 'L:/coded projects/RunnerProject/Content/' took 3.27s
[2018.08.20-14.23.17:176][  0]LogWindows: Warning: CreateProc failed: The system cannot find the file specified. (0x00000002)
[2018.08.20-14.23.17:176][  0]LogWindows: Warning: URL: C:/Program Files/Git/bin/git.exe version
[2018.08.20-14.23.17:176][  0]LogWindows: Warning: CreateProc failed: The system cannot find the file specified. (0x00000002)
[2018.08.20-14.23.17:176][  0]LogWindows: Warning: URL: C:/Program Files (x86)/Git/bin/git.exe version
[2018.08.20-14.23.17:176][  0]LogWindows: Warning: CreateProc failed: The system cannot find the file specified. (0x00000002)
[2018.08.20-14.23.17:176][  0]LogWindows: Warning: URL: C:\Users\Steven\AppData\Local/Programs/Git/cmd/git.exe version
[2018.08.20-14.23.17:177][  0]LogWindows: Warning: CreateProc failed: The system cannot find the file specified. (0x00000002)
[2018.08.20-14.23.17:177][  0]LogWindows: Warning: URL: C:/Program Files (x86)/SmartGit/git/bin/git.exe version
[2018.08.20-14.23.17:177][  0]LogWindows: Warning: CreateProc failed: The system cannot find the file specified. (0x00000002)
[2018.08.20-14.23.17:177][  0]LogWindows: Warning: URL: C:/Program Files (x86)/SmartGit/bin/git.exe version
[2018.08.20-14.23.17:177][  0]LogWindows: Warning: CreateProc failed: The system cannot find the file specified. (0x00000002)
[2018.08.20-14.23.17:177][  0]LogWindows: Warning: URL: C:\Users\Steven\AppData\Local/Atlassian/SourceTree/git_local/bin/git.exe version
[2018.08.20-14.23.17:177][  0]LogWindows: Warning: CreateProc failed: The system cannot find the file specified. (0x00000002)
[2018.08.20-14.23.17:177][  0]LogWindows: Warning: URL: C:/Program Files (x86)/fournova/Tower/vendor/Git/bin/git.exe version
[2018.08.20-14.23.17:314][  0]Cmd: MAP LOAD FILE="../../../../../../coded projects/RunnerProject/Content/Maps/MainLevel/MainLevel.umap" TEMPLATE=0 SHOWPROGRESS=1 FEATURELEVEL=3
[2018.08.20-14.23.17:442][  0]LightingResults: New page: Lighting Build
[2018.08.20-14.23.18:570][  0]MapCheck: New page: Map Check
[2018.08.20-14.23.18:570][  0]LightingResults: New page: Lighting Build
[2018.08.20-14.23.18:595][  0]LogGarbage: Warning: 15.854080 ms for acquiring GC lock
[2018.08.20-14.23.26:851][  0]LogTexture: Display: Building textures: Idle_8 (AutoDXT, 680X472)
[2018.08.20-14.23.26:851][  0]LogTexture: Display: Building textures: Run_5 (AutoDXT, 680X472)
[2018.08.20-14.23.26:851][  0]LogTexture: Display: Building textures: Run_6 (AutoDXT, 680X472)
[2018.08.20-14.23.26:851][  0]LogTexture: Display: Building textures: Idle_7 (AutoDXT, 680X472)
[2018.08.20-14.23.26:851][  0]LogTexture: Display: Building textures: Run_7 (AutoDXT, 680X472)
[2018.08.20-14.23.26:851][  0]LogTexture: Display: Building textures: Idle_6 (AutoDXT, 680X472)
[2018.08.20-14.23.26:851][  0]LogTexture: Display: Building textures: Run_4 (AutoDXT, 680X472)
[2018.08.20-14.23.26:851][  0]LogTexture: Display: Building textures: Run_3 (AutoDXT, 680X472)
[2018.08.20-14.23.26:851][  0]LogTexture: Display: Building textures: T_Pickups_Obstacles_TextureSheet (BGRA8, 547X547)
[2018.08.20-14.23.26:851][  0]LogTexture: Display: Building textures: Run_2 (AutoDXT, 680X472)
[2018.08.20-14.23.26:851][  0]LogTexture: Display: Building textures: Jump_4 (AutoDXT, 680X472)
[2018.08.20-14.23.26:851][  0]LogTexture: Display: Building textures: Jump_3 (AutoDXT, 680X472)
[2018.08.20-14.23.26:851][  0]LogTexture: Display: Building textures: T_Gem_Asscher_S (AutoDXT, 2048X1024)
[2018.08.20-14.23.26:851][  0]LogTexture: Display: Building textures: CoinG (AutoDXT, 1024X1024)
[2018.08.20-14.23.26:851][  0]LogTexture: Display: Building textures: Idle_4 (AutoDXT, 680X472)
[2018.08.20-14.23.26:851][  0]LogTexture: Display: Building textures: Idle_2 (AutoDXT, 680X472)
[2018.08.20-14.23.26:851][  0]LogTexture: Display: Building textures: Idle_5 (AutoDXT, 680X472)
[2018.08.20-14.23.26:851][  0]LogTexture: Display: Building textures: Idle_3 (AutoDXT, 680X472)
[2018.08.20-14.23.26:851][  0]LogTexture: Display: Building textures: Idle_9 (AutoDXT, 680X472)
[2018.08.20-14.23.27:017][  0]LogTexture: Display: Building textures: Idle_1A (AutoDXT, 680X472)
[2018.08.20-14.23.27:018][  0]LogTexture: Display: Building textures: CoinStarS (AutoDXT, 1024X1024)
[2018.08.20-14.23.27:018][  0]LogTexture: Display: Building textures: Run_1 (AutoDXT, 680X472)
[2018.08.20-14.23.27:018][  0]LogTexture: Display: Building textures: Jump_8 (AutoDXT, 680X472)
[2018.08.20-14.23.27:018][  0]LogTexture: Display: Building textures: Jump_9 (AutoDXT, 680X472)
[2018.08.20-14.23.27:030][  0]LogTexture: Display: Building textures: Idle_1 (AutoDXT, 680X472)
[2018.08.20-14.23.27:095][  0]LogStaticMesh: Building static mesh CoinMesh...
[2018.08.20-14.23.27:361][  0]LogTexture: Display: Building textures: T_Gem_Asscher_N (BC5, 2048X1024)
[2018.08.20-14.23.27:361][  0]LogTexture: Display: Building textures: T_Gem_Asscher_D (AutoDXT, 2048X1024)
[2018.08.20-14.23.27:361][  0]LogTexture: Display: Building textures: T_Gem_Tolkowsky_N (BC5, 2048X1024)
[2018.08.20-14.23.27:361][  0]LogTexture: Display: Building textures: T_Gem_Tolkowsky_D (BC5, 2048X1024)
[2018.08.20-14.23.27:361][  0]LogStaticMesh: Built static mesh [0.27s] /Game/Blueprints/MapSpawner/Pickups/Meshes/CoinMesh.CoinMesh
[2018.08.20-14.23.30:897][  0]LogTexture: Display: Building textures: T_Gem_Tolkowsky_S (AutoDXT, 2048X1024)
[2018.08.20-14.23.30:898][  0]LogTexture: Display: Building textures: T_Gem_Details_001 (AutoDXT, 512X512)
[2018.08.20-14.23.30:898][  0]LogTexture: Display: Building textures: Jump_7 (AutoDXT, 680X472)
[2018.08.20-14.23.30:898][  0]LogTexture: Display: Building textures: Jump_5 (AutoDXT, 680X472)
[2018.08.20-14.23.30:898][  0]LogTexture: Display: Building textures: CoinBrS (AutoDXT, 1024X1024)
[2018.08.20-14.23.30:898][  0]LogTexture: Display: Building textures: Jump_6 (AutoDXT, 680X472)
[2018.08.20-14.23.30:898][  0]LogTexture: Display: Building textures: Jump_1C (AutoDXT, 680X472)
[2018.08.20-14.23.30:898][  0]LogTexture: Display: Building textures: Jump_1B (AutoDXT, 680X472)
[2018.08.20-14.23.30:898][  0]LogTexture: Display: Building textures: Jump_1 (AutoDXT, 680X472)
[2018.08.20-14.23.30:898][  0]LogTexture: Display: Building textures: Jump_1A (AutoDXT, 680X472)
[2018.08.20-14.23.30:898][  0]LogTexture: Display: Building textures: Jump_2 (AutoDXT, 680X472)
[2018.08.20-14.23.30:898][  0]LogTexture: Display: Building textures: HQ_Lightmap1_1 (AutoDXT, 64X64)
[2018.08.20-14.23.30:898][  0]LogTexture: Display: Building textures: LQ_Lightmap_1_1 (DXT1, 64X64)
[2018.08.20-14.23.30:898][  0]LogTexture: Display: Building textures: platform1_left (AutoDXT, 1024X1024)
[2018.08.20-14.23.30:898][  0]LogTexture: Display: Building textures: Run_8 (AutoDXT, 680X472)
[2018.08.20-14.23.30:898][  0]LogTexture: Display: Building textures: platform1-middle (AutoDXT, 1024X1024)
[2018.08.20-14.23.30:898][  0]LogTexture: Display: Building textures: platfom1_right (AutoDXT, 1024X1024)
[2018.08.20-14.23.30:968][  0]LogMaterial: Display: Missing cached shader map for material M_Coin_Silver, compiling. 
[2018.08.20-14.23.31:319][  0]LogMaterial: Display: Missing cached shader map for material M_Coin_Gold, compiling. 
[2018.08.20-14.23.31:340][  0]LogStaticMesh: Building static mesh SM_Asscher_Emerald_001...
[2018.08.20-14.23.31:347][  0]LogStaticMesh: Built static mesh [0.01s] /Game/Blueprints/MapSpawner/Pickups/Meshes/SM_Asscher_Emerald_001.SM_Asscher_Emerald_001
[2018.08.20-14.23.31:356][  0]LogMaterial: Display: Missing cached shader map for material M_Gem, compiling. 
[2018.08.20-14.23.31:581][  0]LogMaterial: Display: Missing cached shader map for material M_Coin_Bronze, compiling. 
[2018.08.20-14.23.32:924][  0]LogMaterial: Display: Missing cached shader map for material MAT_Gem_001_Translucent_Shadows_OFF, compiling. 
[2018.08.20-14.23.33:150][  0]LogAIModule: Creating AISystem for world MainLevel
[2018.08.20-14.23.35:048][  0]LogEditorServer: Finished looking for orphan Actors (0.005 secs)
[2018.08.20-14.23.36:293][  0]Cmd: MAP CHECKDEP NOCLEARLOG
[2018.08.20-14.23.36:663][  0]MapCheck: Map check complete: 0 Error(s), 0 Warning(s), took 370.357ms to complete.
[2018.08.20-14.23.36:664][  0]LogFileHelpers: Loading map 'MainLevel' took 19.403
[2018.08.20-14.23.41:751][  0]LogSlate: Updating window title bar state: overlay mode, drag disabled, window buttons hidden, title bar hidden
[2018.08.20-14.23.41:875][  0]LogSlate: Updating window title bar state: overlay mode, drag disabled, window buttons hidden, title bar hidden
[2018.08.20-14.23.41:885][  0]LogSlate: Updating window title bar state: overlay mode, drag disabled, window buttons hidden, title bar hidden
[2018.08.20-14.23.41:894][  0]LogSlate: Updating window title bar state: overlay mode, drag disabled, window buttons hidden, title bar hidden
[2018.08.20-14.23.51:143][  0]LogTemp: Executing iPhonePackager certificates Engine -bundlename com.YourCompany.ProjectRunner
[2018.08.20-14.23.51:143][  0]LogTemp: CWD: L:\Program Files\Epic Games\UE_4.20\Engine\Binaries\DotNET\IOS
[2018.08.20-14.23.51:143][  0]LogTemp: Initial Dir: L:\Program Files\Epic Games\UE_4.20
[2018.08.20-14.23.51:143][  0]LogTemp: Env CWD: L:\Program Files\Epic Games\UE_4.20\Engine\Binaries\DotNET\IOS
[2018.08.20-14.23.51:143][  0]LogTemp: BranchPath = STEVEN-PC/L/Program Files/Epic Games/UE_4.20/Engine/Binaries --- GameBranchPath = STEVEN-PC/L/Program Files/Epic Games/UE_4.20/Engine/Binaries
[2018.08.20-14.23.51:143][  0]LogTemp: IPP ERROR: Could not find provision directory 'C:\Users\Steven\AppData\Local/Apple Computer/MobileDevice/Provisioning Profiles/'.
[2018.08.20-14.23.51:143][  0]LogSlate: Only BGRA pngs, bmps or icos are supported in by External Image Picker
[2018.08.20-14.23.51:468][  0]LogCollectionManager: Loaded 0 collections in 0.001132 seconds
[2018.08.20-14.23.51:663][  0]LogFileCache: Scanning file cache for directory 'L:/coded projects/RunnerProject/Saved/Collections/' took 0.01s
[2018.08.20-14.23.51:663][  0]LogFileCache: Scanning file cache for directory 'L:/coded projects/RunnerProject/Content/Developers/Steven/Collections/' took 0.01s
[2018.08.20-14.23.51:663][  0]LogFileCache: Scanning file cache for directory 'L:/coded projects/RunnerProject/Content/Collections/' took 0.01s
[2018.08.20-14.23.51:663][  0]LogCollectionManager: Rebuilt the GUID cache for 0 collections in 0.000000 seconds
[2018.08.20-14.23.51:681][  0]LogContentBrowser: Native class hierarchy populated in 0.0148 seconds. Added 2576 classes and 608 folders.
[2018.08.20-14.23.51:839][  0]LogContentBrowser: Native class hierarchy updated for 'WidgetCarousel' in 0.0003 seconds. Added 0 classes and 0 folders.
[2018.08.20-14.23.53:003][  0]LogContentBrowser: Native class hierarchy updated for 'AddContentDialog' in 0.0003 seconds. Added 0 classes and 0 folders.
[2018.08.20-14.23.53:348][  0]LogSlate: Took 0.034160 seconds to synchronously load lazily loaded font '../../../Engine/Content/Slate/Fonts/Roboto-Regular.ttf' (155K)
[2018.08.20-14.23.53:438][  0]LogSlate: Took 0.048366 seconds to synchronously load lazily loaded font '../../../Engine/Content/Slate/Fonts/Roboto-Bold.ttf' (160K)
[2018.08.20-14.23.54:665][  0]LogRenderer: Reallocating scene render targets to support 1616x1284 Format 10 NumSamples 1 (Frame:1).
[2018.08.20-14.23.55:872][  0]LogContentBrowser: Native class hierarchy updated for 'HierarchicalLODOutliner' in 0.0003 seconds. Added 0 classes and 0 folders.
[2018.08.20-14.23.55:872][  0]LogLoad: (Engine Initialization) Total time: 215.14 seconds
[2018.08.20-14.23.55:872][  0]LogLoad: (Engine Initialization) Total Blueprint compile time: 0.00 seconds
[2018.08.20-14.23.57:343][  0]LogContentStreaming: Texture pool size now 3000 MB
[2018.08.20-14.23.58:535][  4]LogAssetRegistry: Asset discovery search completed in 172.3206 seconds
[2018.08.20-14.23.58:577][  4]LogCollectionManager: Rebuilt the object cache for 0 collections in 0.000001 seconds (found 0 objects)
[2018.08.20-14.23.58:578][  4]LogCollectionManager: Fixed up redirectors for 0 collections in 0.000097 seconds (updated 0 objects)
[2018.08.21-07.44.33:481][335]LogRenderer: Reallocating scene render targets to support 1616x1324 Format 10 NumSamples 1 (Frame:5774).
